{"/mnt/c/Users/panda/workspace/conici-test/app/App.jsx": {"path":"/mnt/c/Users/panda/workspace/conici-test/app/App.jsx","statementMap":{"0":{"start":{"line":9,"column":4},"end":{"line":9,"column":17}},"1":{"start":{"line":12,"column":4},"end":{"line":18,"column":6}}},"fnMap":{"0":{"name":"(anonymous_0)","decl":{"start":{"line":8,"column":2},"end":{"line":8,"column":3}},"loc":{"start":{"line":8,"column":21},"end":{"line":10,"column":3}},"line":8},"1":{"name":"(anonymous_1)","decl":{"start":{"line":11,"column":2},"end":{"line":11,"column":3}},"loc":{"start":{"line":11,"column":11},"end":{"line":19,"column":3}},"line":11}},"branchMap":{},"s":{"0":2,"1":2},"f":{"0":2,"1":2},"b":{},"_coverageSchema":"43e27e138ebf9cfc5966b082cf9a028302ed4184","hash":"59aea15520327442b86492942bcdea167b08b7f5"}
,"/mnt/c/Users/panda/workspace/conici-test/app/components/Footer.jsx": {"path":"/mnt/c/Users/panda/workspace/conici-test/app/components/Footer.jsx","statementMap":{"0":{"start":{"line":5,"column":15},"end":{"line":23,"column":1}},"1":{"start":{"line":6,"column":2},"end":{"line":22,"column":4}}},"fnMap":{"0":{"name":"(anonymous_0)","decl":{"start":{"line":5,"column":15},"end":{"line":5,"column":16}},"loc":{"start":{"line":5,"column":39},"end":{"line":23,"column":1}},"line":5}},"branchMap":{},"s":{"0":3,"1":1},"f":{"0":1},"b":{},"_coverageSchema":"43e27e138ebf9cfc5966b082cf9a028302ed4184","hash":"5d125d55274eb203ac4f1f2b4c9de16d32732d3a"}
,"/mnt/c/Users/panda/workspace/conici-test/app/components/Header.jsx": {"path":"/mnt/c/Users/panda/workspace/conici-test/app/components/Header.jsx","statementMap":{"0":{"start":{"line":4,"column":15},"end":{"line":24,"column":1}},"1":{"start":{"line":5,"column":2},"end":{"line":23,"column":4}}},"fnMap":{"0":{"name":"(anonymous_0)","decl":{"start":{"line":4,"column":15},"end":{"line":4,"column":16}},"loc":{"start":{"line":4,"column":30},"end":{"line":24,"column":1}},"line":4}},"branchMap":{},"s":{"0":3,"1":1},"f":{"0":1},"b":{},"_coverageSchema":"43e27e138ebf9cfc5966b082cf9a028302ed4184","hash":"e75b34d899cbd7dc4ba2d5096b3762b4a09f692e"}
,"/mnt/c/Users/panda/workspace/conici-test/app/components/Icon.jsx": {"path":"/mnt/c/Users/panda/workspace/conici-test/app/components/Icon.jsx","statementMap":{"0":{"start":{"line":3,"column":13},"end":{"line":5,"column":1}},"1":{"start":{"line":4,"column":2},"end":{"line":4,"column":57}}},"fnMap":{"0":{"name":"(anonymous_0)","decl":{"start":{"line":3,"column":13},"end":{"line":3,"column":14}},"loc":{"start":{"line":3,"column":31},"end":{"line":5,"column":1}},"line":3}},"branchMap":{},"s":{"0":4,"1":2},"f":{"0":2},"b":{},"_coverageSchema":"43e27e138ebf9cfc5966b082cf9a028302ed4184","hash":"ef544c2f8c30486d9041cfc50446a0c82aac868c"}
,"/mnt/c/Users/panda/workspace/conici-test/app/components/Layout.jsx": {"path":"/mnt/c/Users/panda/workspace/conici-test/app/components/Layout.jsx","statementMap":{"0":{"start":{"line":5,"column":15},"end":{"line":13,"column":1}},"1":{"start":{"line":6,"column":2},"end":{"line":12,"column":4}}},"fnMap":{"0":{"name":"(anonymous_0)","decl":{"start":{"line":5,"column":15},"end":{"line":5,"column":16}},"loc":{"start":{"line":5,"column":33},"end":{"line":13,"column":1}},"line":5}},"branchMap":{},"s":{"0":2,"1":1},"f":{"0":1},"b":{},"_coverageSchema":"43e27e138ebf9cfc5966b082cf9a028302ed4184","hash":"b4b1db734dbb7732a67da8f6689ef80224844879"}
,"/mnt/c/Users/panda/workspace/conici-test/app/containers/smart-checkout.jsx": {"path":"/mnt/c/Users/panda/workspace/conici-test/app/containers/smart-checkout.jsx","statementMap":{"0":{"start":{"line":5,"column":4},"end":{"line":5,"column":37}}},"fnMap":{"0":{"name":"(anonymous_0)","decl":{"start":{"line":4,"column":2},"end":{"line":4,"column":3}},"loc":{"start":{"line":4,"column":11},"end":{"line":6,"column":3}},"line":4}},"branchMap":{},"s":{"0":0},"f":{"0":0},"b":{},"_coverageSchema":"43e27e138ebf9cfc5966b082cf9a028302ed4184","hash":"315c4ec4f30c2de004b968408a14fc6f4b1bd1b5"}
}
